---
Logged
cd ~/;ls > /tmp/jabber-shell.1271149795.68 2> /tmp/jabber-shell.1271149795.68
cd ~/;uptime > /tmp/jabber-shell.1271149809.01 2> /tmp/jabber-shell.1271149809.01
---
Logged
cd ~/;ls > /tmp/jabber-shell.1271150198.53 2> /tmp/jabber-shell.1271150198.53
cd ~/;uptime > /tmp/jabber-shell.1271150205.18 2> /tmp/jabber-shell.1271150205.18
---
Logged
cd ~/;wget > /tmp/jabber-shell.1271150811.01 2> /tmp/jabber-shell.1271150811.01
cd ~/;wget --help > /tmp/jabber-shell.1271150819.59 2> /tmp/jabber-shell.1271150819.59
---
Logged
cd ~/;ls > /tmp/jabber-shell.1271151214.19 2> /tmp/jabber-shell.1271151214.19
cd ~//jabberbots;ls > /tmp/jabber-shell.1271151226.55 2> /tmp/jabber-shell.1271151226.55
---
Logged
cd ~/;uname -a > /tmp/jabber-shell.1271161312.49 2> /tmp/jabber-shell.1271161312.49
cd ~/;ps > /tmp/jabber-shell.1271161326.38 2> /tmp/jabber-shell.1271161326.38
cd ~/;killall bot.py > /tmp/jabber-shell.1271161371.37 2> /tmp/jabber-shell.1271161371.37
cd ~/;ps > /tmp/jabber-shell.1271161377.82 2> /tmp/jabber-shell.1271161377.82
cd ~/;ls > /tmp/jabber-shell.1271161398.29 2> /tmp/jabber-shell.1271161398.29
cd ~//bot;ls > /tmp/jabber-shell.1271161411.68 2> /tmp/jabber-shell.1271161411.68
---
Logged
cd ~/;cd > /tmp/jabber-shell.1276169421.54 2> /tmp/jabber-shell.1276169421.54
cd ~/;ls > /tmp/jabber-shell.1276169429.35 2> /tmp/jabber-shell.1276169429.35
cd ~/;rm test.cpp~ > /tmp/jabber-shell.1276169445.66 2> /tmp/jabber-shell.1276169445.66
cd ~/;ls > /tmp/jabber-shell.1276169451.5 2> /tmp/jabber-shell.1276169451.5
cd ~/;uptime > /tmp/jabber-shell.1276169604.5 2> /tmp/jabber-shell.1276169604.5
cd ~/;uname -a > /tmp/jabber-shell.1276169609.72 2> /tmp/jabber-shell.1276169609.72
cd ~/;ps > /tmp/jabber-shell.1276169635.0 2> /tmp/jabber-shell.1276169635.0
---
Logged
cd ~/;1 > /tmp/jabber-shell.1276169766.66 2> /tmp/jabber-shell.1276169766.66
cd ~/;ls > /tmp/jabber-shell.1276169777.78 2> /tmp/jabber-shell.1276169777.78
cd ~/;cat 1.txt > /tmp/jabber-shell.1276169786.85 2> /tmp/jabber-shell.1276169786.85
cd ~/;ls > /tmp/jabber-shell.1276170182.34 2> /tmp/jabber-shell.1276170182.34
cd ~/;ps > /tmp/jabber-shell.1276170207.04 2> /tmp/jabber-shell.1276170207.04
cd ~/;killall bot.py > /tmp/jabber-shell.1276170220.09 2> /tmp/jabber-shell.1276170220.09
cd ~/;echo "qqqqq" > 1.222 > /tmp/jabber-shell.1276170280.41 2> /tmp/jabber-shell.1276170280.41
cd ~/;ls > /tmp/jabber-shell.1276170932.29 2> /tmp/jabber-shell.1276170932.29
cd ~/;1 > /tmp/jabber-shell.1276172367.69 2> /tmp/jabber-shell.1276172367.69
