---
Logged
---
Logged
---
Logged
---
Logged
---
Logged
<presence xmlns="jabber:client" to="jabber_bot_test@jabber.ru/test_bot" from="jabber_bot_test@jabber.ru/test_bot" id="4" /><presence xmlns="jabber:client" to="jabber_bot_test@jabber.ru/test_bot" xml:lang="ru" from="anisan@jabber.ru/Psi+">
<priority>55</priority>
<c node="http://psi-dev.googlecode.com/caps" ext="ca cs cv ep-notify-2 html mr" xmlns="http://jabber.org/protocol/caps" ver="0.15-beta" />
<x xmlns="vcard-temp:x:update">
<photo>d5b50358563d5912a77f775bbabce4a5f7b5e920</photo>
</x>
<delay stamp="2010-06-24T03:52:41Z" xmlns="urn:xmpp:delay" from="anisan@jabber.ru/Psi+" /><x stamp="20100624T03:52:41" xmlns="jabber:x:delay" /></presence><presence xmlns="jabber:client" to="jabber_bot_test@jabber.ru/test_bot" from="jabber_bot_test@jabber.ru/test_bot" id="5"><priority>5</priority><show>online</show></presence><presence xmlns="jabber:client" to="jabber_bot_test@jabber.ru/test_bot" from="eraser1981@googlemail.com/Psi+FD5EB58E">
<priority>55</priority>
<c node="http://psi-dev.googlecode.com/caps" ext="ca cs cv ep-notify-2 html mr" xmlns="http://jabber.org/protocol/caps" ver="0.15-beta" />

<x xmlns="vcard-temp:x:update"><photo>28d8fdb8bf141f7453d205f5762096427c346ab8</photo></x></presence>---
Logged
<presence xmlns="jabber:client" to="jabber_bot_test@jabber.ru/test_bot" from="jabber_bot_test@jabber.ru/test_bot" id="4" /><presence xmlns="jabber:client" to="jabber_bot_test@jabber.ru/test_bot" xml:lang="ru" from="anisan@jabber.ru/Psi+">
<priority>55</priority>
<c node="http://psi-dev.googlecode.com/caps" ext="ca cs cv ep-notify-2 html mr" xmlns="http://jabber.org/protocol/caps" ver="0.15-beta" />
<x xmlns="vcard-temp:x:update">
<photo>d5b50358563d5912a77f775bbabce4a5f7b5e920</photo>
</x>
<delay stamp="2010-06-24T03:52:41Z" xmlns="urn:xmpp:delay" from="anisan@jabber.ru/Psi+" /><x stamp="20100624T03:52:41" xmlns="jabber:x:delay" /></presence><presence xmlns="jabber:client" to="jabber_bot_test@jabber.ru/test_bot" from="jabber_bot_test@jabber.ru/test_bot" id="5"><priority>5</priority><show>online</show></presence><presence xmlns="jabber:client" to="jabber_bot_test@jabber.ru/test_bot" from="eraser1981@googlemail.com/Psi+FD5EB58E">
<priority>55</priority>
<c node="http://psi-dev.googlecode.com/caps" ext="ca cs cv ep-notify-2 html mr" xmlns="http://jabber.org/protocol/caps" ver="0.15-beta" />

<x xmlns="vcard-temp:x:update"><photo>28d8fdb8bf141f7453d205f5762096427c346ab8</photo></x></presence>---
Logged
<presence xmlns="jabber:client" to="jabber_bot_test@jabber.ru/test_bot" xml:lang="ru" from="anisan@jabber.ru/Psi+">
<priority>55</priority>
<c node="http://psi-dev.googlecode.com/caps" ext="ca cs cv ep-notify-2 html mr" xmlns="http://jabber.org/protocol/caps" ver="0.15-beta" />
<x xmlns="vcard-temp:x:update">
<photo>d5b50358563d5912a77f775bbabce4a5f7b5e920</photo>
</x>
<delay stamp="2010-06-24T03:52:41Z" xmlns="urn:xmpp:delay" from="anisan@jabber.ru/Psi+" /><x stamp="20100624T03:52:41" xmlns="jabber:x:delay" /></presence><presence xmlns="jabber:client" to="jabber_bot_test@jabber.ru/test_bot" from="jabber_bot_test@jabber.ru/test_bot" id="4" /><presence xmlns="jabber:client" to="jabber_bot_test@jabber.ru/test_bot" from="jabber_bot_test@jabber.ru/test_bot" id="5"><priority>5</priority><show>online</show></presence><presence xmlns="jabber:client" to="jabber_bot_test@jabber.ru/test_bot" from="eraser1981@googlemail.com/Psi+FD5EB58E">
<priority>55</priority>
<c node="http://psi-dev.googlecode.com/caps" ext="ca cs cv ep-notify-2 html mr" xmlns="http://jabber.org/protocol/caps" ver="0.15-beta" />

<x xmlns="vcard-temp:x:update"><photo>28d8fdb8bf141f7453d205f5762096427c346ab8</photo></x></presence><message xmlns="jabber:client" to="jabber_bot_test@jabber.ru/test_bot" from="eraser1981@googlemail.com/Psi+FD5EB58E" id="aaf8a" type="chat">
<body>help</body>
<active xmlns="http://jabber.org/protocol/chatstates" />
<request xmlns="urn:xmpp:receipts" />
<x xmlns="google:nosave" xmlns:nos="google:nosave" value="disabled" /><record xmlns="http://jabber.org/protocol/archive" xmlns:arc="http://jabber.org/protocol/archive" otr="false" /></message><presence xmlns="jabber:client" to="jabber_bot_test@jabber.ru/test_bot" xml:lang="ru" from="anisan@jabber.ru/Psi+">
<priority>55</priority>
<c node="http://psi-dev.googlecode.com/caps" ext="ca cs cv ep-notify-2 html mr" xmlns="http://jabber.org/protocol/caps" ver="0.15-beta" />
<x xmlns="vcard-temp:x:update">
<photo>d5b50358563d5912a77f775bbabce4a5f7b5e920</photo>
</x>
</presence>---
Logged
<presence xmlns="jabber:client" to="jabber_bot_test@jabber.ru/test_bot" from="jabber_bot_test@jabber.ru/test_bot" id="4" /><presence xmlns="jabber:client" to="jabber_bot_test@jabber.ru/test_bot" from="jabber_bot_test@jabber.ru/test_bot" id="5"><priority>5</priority><show>online</show></presence><presence xmlns="jabber:client" to="jabber_bot_test@jabber.ru/test_bot" xml:lang="ru" from="anisan@jabber.ru/Psi+">
<priority>55</priority>
<c node="http://psi-dev.googlecode.com/caps" ext="ca cs cv ep-notify-2 html mr" xmlns="http://jabber.org/protocol/caps" ver="0.15-beta" />
<x xmlns="vcard-temp:x:update">
<photo>d5b50358563d5912a77f775bbabce4a5f7b5e920</photo>
</x>
<delay stamp="2010-06-24T05:04:57Z" xmlns="urn:xmpp:delay" from="anisan@jabber.ru/Psi+" /><x stamp="20100624T05:04:57" xmlns="jabber:x:delay" /></presence><presence xmlns="jabber:client" to="jabber_bot_test@jabber.ru/test_bot" from="eraser1981@googlemail.com/Psi+FD5EB58E">
<priority>55</priority>
<c node="http://psi-dev.googlecode.com/caps" ext="ca cs cv ep-notify-2 html mr" xmlns="http://jabber.org/protocol/caps" ver="0.15-beta" />

<x xmlns="vcard-temp:x:update"><photo>28d8fdb8bf141f7453d205f5762096427c346ab8</photo></x></presence>---
Logged
<presence xmlns="jabber:client" to="jabber_bot_test@jabber.ru/test_bot" from="jabber_bot_test@jabber.ru/test_bot" id="4" /><presence xmlns="jabber:client" to="jabber_bot_test@jabber.ru/test_bot" from="jabber_bot_test@jabber.ru/test_bot" id="5"><priority>5</priority><show>online</show></presence><presence xmlns="jabber:client" to="jabber_bot_test@jabber.ru/test_bot" xml:lang="ru" from="anisan@jabber.ru/Psi+">
<priority>55</priority>
<c node="http://psi-dev.googlecode.com/caps" ext="ca cs cv ep-notify-2 html mr" xmlns="http://jabber.org/protocol/caps" ver="0.15-beta" />
<x xmlns="vcard-temp:x:update">
<photo>d5b50358563d5912a77f775bbabce4a5f7b5e920</photo>
</x>
<delay stamp="2010-06-24T05:04:57Z" xmlns="urn:xmpp:delay" from="anisan@jabber.ru/Psi+" /><x stamp="20100624T05:04:57" xmlns="jabber:x:delay" /></presence>---
Logged
---
Logged
---
Logged
---
Logged
<message xmlns="jabber:client" to="jabber_bot_test@jabber.ru/test_bot" from="eraser1981@googlemail.com/Psi+FD5EB58E" id="aafaa" type="chat">
<body>help</body>
<active xmlns="http://jabber.org/protocol/chatstates" />
<request xmlns="urn:xmpp:receipts" />
<x xmlns="google:nosave" xmlns:nos="google:nosave" value="disabled" /><record xmlns="http://jabber.org/protocol/archive" xmlns:arc="http://jabber.org/protocol/archive" otr="false" /></message>---
Logged
<message xmlns="jabber:client" to="jabber_bot_test@jabber.ru/test_bot" from="eraser1981@googlemail.com/Psi+FD5EB58E" id="aafca" type="chat">
<body>help</body>
<active xmlns="http://jabber.org/protocol/chatstates" />
<request xmlns="urn:xmpp:receipts" />
<x xmlns="google:nosave" xmlns:nos="google:nosave" value="disabled" /><record xmlns="http://jabber.org/protocol/archive" xmlns:arc="http://jabber.org/protocol/archive" otr="false" /></message>---
Logged
---
Logged
---
Logged
---
Logged
---
Logged
<message xmlns="jabber:client" to="jabber_bot_test@jabber.ru/test_bot" from="eraser1981@googlemail.com/Psi+FD5EB58E" id="aafea" type="chat">
<body>help ,kz</body>
<active xmlns="http://jabber.org/protocol/chatstates" />
<request xmlns="urn:xmpp:receipts" />
<x xmlns="google:nosave" xmlns:nos="google:nosave" value="disabled" /><record xmlns="http://jabber.org/protocol/archive" xmlns:arc="http://jabber.org/protocol/archive" otr="false" /></message>---
Logged
---
Logged
---
Logged
---
Logged
---
Logged
---
Logged
---
Logged
<message xmlns="jabber:client" to="jabber_bot_test@jabber.ru/test_bot" from="eraser1981@googlemail.com/Psi+FD5EB58E" id="ab00a" type="chat">
<body>help</body>
<active xmlns="http://jabber.org/protocol/chatstates" />
<request xmlns="urn:xmpp:receipts" />
<x xmlns="google:nosave" xmlns:nos="google:nosave" value="disabled" /><record xmlns="http://jabber.org/protocol/archive" xmlns:arc="http://jabber.org/protocol/archive" otr="false" /></message>---
Logged
---
Logged
---
Logged
---
Logged
---
Logged
---
Logged
---
Logged
---
Logged
